2022-08-23 15:51:54,166 - Log4JLogChute initialized using file 'velocity.log'
2022-08-23 15:51:54,166 - Initializing Velocity, Calling init()...
2022-08-23 15:51:54,166 - Starting Apache Velocity v1.7 (compiled: 2010-11-19 12:14:37)
2022-08-23 15:51:54,166 - Default Properties File: org\apache\velocity\runtime\defaults\velocity.properties
2022-08-23 15:51:54,166 - Trying to use logger class org.apache.velocity.runtime.log.AvalonLogChute
2022-08-23 15:51:54,166 - Target log system for org.apache.velocity.runtime.log.AvalonLogChute is not available (java.lang.NoClassDefFoundError: org/apache/log/format/Formatter).  Falling back to next log system...
2022-08-23 15:51:54,166 - Trying to use logger class org.apache.velocity.runtime.log.Log4JLogChute
2022-08-23 15:51:54,167 - Using logger class org.apache.velocity.runtime.log.Log4JLogChute
2022-08-23 15:51:54,169 - ResourceLoader instantiated: org.apache.velocity.runtime.resource.loader.ClasspathResourceLoader
2022-08-23 15:51:54,180 - ResourceCache: initialized (class org.apache.velocity.runtime.resource.ResourceCacheImpl) with class java.util.Collections$SynchronizedMap cache map.
2022-08-23 15:51:54,180 - Loaded System Directive: org.apache.velocity.runtime.directive.Stop
2022-08-23 15:51:54,181 - Loaded System Directive: org.apache.velocity.runtime.directive.Define
2022-08-23 15:51:54,181 - Loaded System Directive: org.apache.velocity.runtime.directive.Break
2022-08-23 15:51:54,182 - Loaded System Directive: org.apache.velocity.runtime.directive.Evaluate
2022-08-23 15:51:54,182 - Loaded System Directive: org.apache.velocity.runtime.directive.Literal
2022-08-23 15:51:54,183 - Loaded System Directive: org.apache.velocity.runtime.directive.Macro
2022-08-23 15:51:54,183 - Loaded System Directive: org.apache.velocity.runtime.directive.Parse
2022-08-23 15:51:54,184 - Loaded System Directive: org.apache.velocity.runtime.directive.Include
2022-08-23 15:51:54,185 - Loaded System Directive: org.apache.velocity.runtime.directive.Foreach
2022-08-23 15:51:54,202 - Created '20' parsers.
2022-08-23 15:51:54,206 - Velocimacro : "velocimacro.library" is not set.  Trying default library: VM_global_library.vm
2022-08-23 15:51:54,207 - Could not load resource 'VM_global_library.vm' from ResourceLoader org.apache.velocity.runtime.resource.loader.ClasspathResourceLoader: ClasspathResourceLoader Error: cannot find resource VM_global_library.vm
2022-08-23 15:51:54,207 - Velocimacro : Default library not found.
2022-08-23 15:51:54,207 - Velocimacro : allowInline = true : VMs can be defined inline in templates
2022-08-23 15:51:54,207 - Velocimacro : allowInlineToOverride = false : VMs defined inline may NOT replace previous VM definitions
2022-08-23 15:51:54,207 - Velocimacro : allowInlineLocal = false : VMs defined inline will be global in scope if allowed.
2022-08-23 15:51:54,207 - Velocimacro : autoload off : VM system will not automatically reload global library macros
2022-08-23 15:51:54,224 - ResourceManager : found /templates/entity.java.vm with loader org.apache.velocity.runtime.resource.loader.ClasspathResourceLoader
2022-08-23 15:51:54,233 - ResourceManager : found /templates/mapper.java.vm with loader org.apache.velocity.runtime.resource.loader.ClasspathResourceLoader
2022-08-23 15:51:54,236 - ResourceManager : found /templates/mapper.xml.vm with loader org.apache.velocity.runtime.resource.loader.ClasspathResourceLoader
2022-08-23 15:51:54,239 - ResourceManager : found /templates/service.java.vm with loader org.apache.velocity.runtime.resource.loader.ClasspathResourceLoader
2022-08-23 15:51:54,241 - ResourceManager : found /templates/serviceImpl.java.vm with loader org.apache.velocity.runtime.resource.loader.ClasspathResourceLoader
2022-08-23 15:51:54,245 - ResourceManager : found /templates/controller.java.vm with loader org.apache.velocity.runtime.resource.loader.ClasspathResourceLoader
